<?xml version="1.0" encoding="UTF-8"?>
<!-- Generated by org.testng.reporters.JUnitReportReporter -->
<testsuite skipped="0" hostname="DESKTOP-8T619MQ" name="Training.Selenium.HomePage" tests="1" failures="0" timestamp="06 Nov 2018 09:33:36 GMT" time="8.377" errors="0">
  <testcase name="homepage" time="8.377" classname="Training.Selenium.HomePage"/>
</testsuite> <!-- Training.Selenium.HomePage -->
