<?xml version="1.0" encoding="UTF-8"?>
<!-- Generated by org.testng.reporters.JUnitReportReporter -->
<testsuite skipped="0" hostname="DESKTOP-8T619MQ" name="Training.Selenium.ValidateTitle" tests="1" failures="0" timestamp="07 Nov 2018 11:29:24 GMT" time="8.802" errors="0">
  <testcase name="homepage" time="8.802" classname="Training.Selenium.ValidateTitle"/>
</testsuite> <!-- Training.Selenium.ValidateTitle -->
