<?xml version="1.0" encoding="UTF-8"?>
<!-- Generated by org.testng.reporters.JUnitReportReporter -->
<testsuite skipped="0" hostname="DESKTOP-8T619MQ" name="Training.Selenium.TestClass" tests="1" failures="0" timestamp="06 Nov 2018 11:24:52 GMT" time="24.025" errors="0">
  <testcase name="homepage" time="24.025" classname="Training.Selenium.TestClass"/>
</testsuite> <!-- Training.Selenium.TestClass -->
