<?xml version="1.0" encoding="UTF-8"?>
<!-- Generated by org.testng.reporters.JUnitReportReporter -->
<testsuite skipped="0" hostname="DESKTOP-8T619MQ" name="Training.Selenium.TestClass" tests="2" failures="0" timestamp="07 Nov 2018 11:28:43 GMT" time="39.627" errors="0">
  <testcase name="homepage" time="20.070" classname="Training.Selenium.TestClass"/>
  <testcase name="homepage" time="19.557" classname="Training.Selenium.TestClass"/>
</testsuite> <!-- Training.Selenium.TestClass -->
